<?xml version="1.0" encoding="UTF-8"?>
<!-- Generated by org.testng.reporters.JUnitReportReporter -->
<testsuite hostname="RS-PF4XV7HK" failures="0" tests="1" name="runners.CucumberTestRunner" time="17.570" errors="0" timestamp="2025-07-03T20:00:25 IST" skipped="0">
  <testcase classname="runners.CucumberTestRunner" name="runScenario" time="17.570"/>
</testsuite> <!-- runners.CucumberTestRunner -->
